<?xml version="1.0" encoding="UTF-8"?>
<testsuite name="energy.model.CircuitTest" tests="8" skipped="0" failures="0" errors="0" timestamp="2023-04-02T16:51:47" hostname="manj" time="0.034">
  <properties/>
  <testcase name="addExistantCable()" classname="energy.model.CircuitTest" time="0.001"/>
  <testcase name="addUnexistantCable()" classname="energy.model.CircuitTest" time="0.001"/>
  <testcase name="dimensionOf3By5CircuitOfHexagonTilesIs3By5()" classname="energy.model.CircuitTest" time="0.02"/>
  <testcase name="dimensionOf3By4CircuitOfHexagonTilesIs3By4()" classname="energy.model.CircuitTest" time="0.0"/>
  <testcase name="level5DimensionIs7By3()" classname="energy.model.CircuitTest" time="0.001"/>
  <testcase name="level11DimensionIs3By3()" classname="energy.model.CircuitTest" time="0.001"/>
  <testcase name="dimensionOf2by3CircuitOfSquaredTilesIs2By3()" classname="energy.model.CircuitTest" time="0.001"/>
  <testcase name="dimensionOfEmptyCircuitIs0_0()" classname="energy.model.CircuitTest" time="0.001"/>
  <system-out><![CDATA[]]></system-out>
  <system-err><![CDATA[]]></system-err>
</testsuite>
